[2016-01-20 21:01:36,546] TRACE [Controller 0]: checking need to trigger partition rebalance (kafka.controller.KafkaController)
[2016-01-20 21:01:36,550] DEBUG [Controller 0]: preferred replicas by broker Map(0 -> Map([twitterStream,0] -> List(0), [twitterstream,0] -> List(0))) (kafka.controller.KafkaController)
[2016-01-20 21:01:36,550] DEBUG [Controller 0]: topics not in preferred replica Map() (kafka.controller.KafkaController)
[2016-01-20 21:01:36,550] TRACE [Controller 0]: leader imbalance ratio for broker 0 is 0.000000 (kafka.controller.KafkaController)
[2016-01-20 21:06:36,555] TRACE [Controller 0]: checking need to trigger partition rebalance (kafka.controller.KafkaController)
[2016-01-20 21:06:36,556] DEBUG [Controller 0]: preferred replicas by broker Map(0 -> Map([twitterStream,0] -> List(0), [twitterstream,0] -> List(0))) (kafka.controller.KafkaController)
[2016-01-20 21:06:36,556] DEBUG [Controller 0]: topics not in preferred replica Map() (kafka.controller.KafkaController)
[2016-01-20 21:06:36,556] TRACE [Controller 0]: leader imbalance ratio for broker 0 is 0.000000 (kafka.controller.KafkaController)
[2016-01-20 21:06:44,130] INFO [Controller 0]: Shutting down broker 0 (kafka.controller.KafkaController)
[2016-01-20 21:06:44,132] DEBUG [Controller 0]: All shutting down brokers: 0 (kafka.controller.KafkaController)
[2016-01-20 21:06:44,132] DEBUG [Controller 0]: Live brokers:  (kafka.controller.KafkaController)
[2016-01-20 21:06:44,140] TRACE [Controller 0]: All leaders = [twitterStream,0] -> (Leader:0,ISR:0,LeaderEpoch:1,ControllerEpoch:2),[twitterstream,0] -> (Leader:0,ISR:0,LeaderEpoch:1,ControllerEpoch:2) (kafka.controller.KafkaController)
[2016-01-20 21:06:46,367] DEBUG [Controller 0]: Controller resigning, broker id 0 (kafka.controller.KafkaController)
[2016-01-20 21:06:46,368] DEBUG [Controller 0]: De-registering IsrChangeNotificationListener (kafka.controller.KafkaController)
[2016-01-20 21:06:46,371] INFO [Partition state machine on Controller 0]: Stopped partition state machine (kafka.controller.PartitionStateMachine)
[2016-01-20 21:06:46,371] INFO [Replica state machine on controller 0]: Stopped replica state machine (kafka.controller.ReplicaStateMachine)
[2016-01-20 21:06:46,373] INFO [Controller-0-to-broker-0-send-thread], Shutting down (kafka.controller.RequestSendThread)
[2016-01-20 21:06:46,373] INFO [Controller-0-to-broker-0-send-thread], Stopped  (kafka.controller.RequestSendThread)
[2016-01-20 21:06:46,373] INFO [Controller-0-to-broker-0-send-thread], Shutdown completed (kafka.controller.RequestSendThread)
[2016-01-20 21:06:46,374] INFO [Controller 0]: Broker 0 resigned as the controller (kafka.controller.KafkaController)
