[2016-01-20 21:01:31,564] INFO [Group Metadata Manager on Broker 0]: Removed 0 expired offsets in 0 milliseconds. (kafka.coordinator.GroupMetadataManager)
[2016-01-20 21:06:44,106] INFO [Kafka Server 0], shutting down (kafka.server.KafkaServer)
[2016-01-20 21:06:44,109] INFO [Kafka Server 0], Starting controlled shutdown (kafka.server.KafkaServer)
[2016-01-20 21:06:44,158] INFO [Kafka Server 0], Controlled shutdown succeeded (kafka.server.KafkaServer)
[2016-01-20 21:06:44,162] INFO [Socket Server on Broker 0], Shutting down (kafka.network.SocketServer)
[2016-01-20 21:06:44,187] INFO [Socket Server on Broker 0], Shutdown completed (kafka.network.SocketServer)
[2016-01-20 21:06:44,188] INFO [Kafka Request Handler on Broker 0], shutting down (kafka.server.KafkaRequestHandlerPool)
[2016-01-20 21:06:44,191] INFO [Kafka Request Handler on Broker 0], shut down completely (kafka.server.KafkaRequestHandlerPool)
[2016-01-20 21:06:44,200] INFO [ThrottledRequestReaper-Produce], Shutting down (kafka.server.ClientQuotaManager$ThrottledRequestReaper)
[2016-01-20 21:06:44,604] INFO [ThrottledRequestReaper-Produce], Shutdown completed (kafka.server.ClientQuotaManager$ThrottledRequestReaper)
[2016-01-20 21:06:44,604] INFO [ThrottledRequestReaper-Produce], Stopped  (kafka.server.ClientQuotaManager$ThrottledRequestReaper)
[2016-01-20 21:06:44,605] INFO [ThrottledRequestReaper-Fetch], Shutting down (kafka.server.ClientQuotaManager$ThrottledRequestReaper)
[2016-01-20 21:06:45,607] INFO [ThrottledRequestReaper-Fetch], Stopped  (kafka.server.ClientQuotaManager$ThrottledRequestReaper)
[2016-01-20 21:06:45,607] INFO [ThrottledRequestReaper-Fetch], Shutdown completed (kafka.server.ClientQuotaManager$ThrottledRequestReaper)
[2016-01-20 21:06:45,608] INFO [KafkaApi-0] Shutdown complete. (kafka.server.KafkaApis)
[2016-01-20 21:06:45,610] INFO [Replica Manager on Broker 0]: Shutting down (kafka.server.ReplicaManager)
[2016-01-20 21:06:45,611] INFO [ReplicaFetcherManager on broker 0] shutting down (kafka.server.ReplicaFetcherManager)
[2016-01-20 21:06:45,612] INFO [ReplicaFetcherManager on broker 0] shutdown completed (kafka.server.ReplicaFetcherManager)
[2016-01-20 21:06:45,612] INFO [ExpirationReaper-0], Shutting down (kafka.server.DelayedOperationPurgatory$ExpiredOperationReaper)
[2016-01-20 21:06:45,759] INFO [ExpirationReaper-0], Stopped  (kafka.server.DelayedOperationPurgatory$ExpiredOperationReaper)
[2016-01-20 21:06:45,759] INFO [ExpirationReaper-0], Shutdown completed (kafka.server.DelayedOperationPurgatory$ExpiredOperationReaper)
[2016-01-20 21:06:45,759] INFO [ExpirationReaper-0], Shutting down (kafka.server.DelayedOperationPurgatory$ExpiredOperationReaper)
[2016-01-20 21:06:45,960] INFO [ExpirationReaper-0], Stopped  (kafka.server.DelayedOperationPurgatory$ExpiredOperationReaper)
[2016-01-20 21:06:45,960] INFO [ExpirationReaper-0], Shutdown completed (kafka.server.DelayedOperationPurgatory$ExpiredOperationReaper)
[2016-01-20 21:06:45,963] INFO [Replica Manager on Broker 0]: Shut down completely (kafka.server.ReplicaManager)
[2016-01-20 21:06:45,964] INFO Shutting down. (kafka.log.LogManager)
[2016-01-20 21:06:45,979] INFO Shutdown complete. (kafka.log.LogManager)
[2016-01-20 21:06:45,980] INFO [GroupCoordinator 0]: Shutting down. (kafka.coordinator.GroupCoordinator)
[2016-01-20 21:06:45,980] INFO [ExpirationReaper-0], Shutting down (kafka.server.DelayedOperationPurgatory$ExpiredOperationReaper)
[2016-01-20 21:06:46,160] INFO [ExpirationReaper-0], Stopped  (kafka.server.DelayedOperationPurgatory$ExpiredOperationReaper)
[2016-01-20 21:06:46,160] INFO [ExpirationReaper-0], Shutdown completed (kafka.server.DelayedOperationPurgatory$ExpiredOperationReaper)
[2016-01-20 21:06:46,160] INFO [ExpirationReaper-0], Shutting down (kafka.server.DelayedOperationPurgatory$ExpiredOperationReaper)
[2016-01-20 21:06:46,364] INFO [ExpirationReaper-0], Stopped  (kafka.server.DelayedOperationPurgatory$ExpiredOperationReaper)
[2016-01-20 21:06:46,364] INFO [ExpirationReaper-0], Shutdown completed (kafka.server.DelayedOperationPurgatory$ExpiredOperationReaper)
[2016-01-20 21:06:46,365] INFO [GroupCoordinator 0]: Shutdown complete. (kafka.coordinator.GroupCoordinator)
[2016-01-20 21:06:46,506] INFO [Kafka Server 0], shut down completed (kafka.server.KafkaServer)
